<?xml version="1.0" encoding="UTF-8"?>
<testsuite xmlns:xsi="http://www.w3.org/2001/XMLSchema-instance" xsi:noNamespaceSchemaLocation="https://maven.apache.org/surefire/maven-surefire-plugin/xsd/surefire-test-report.xsd" version="3.0.2" name="br.com.erudio.StartupTests" time="2.688" tests="1" errors="0" skipped="0" failures="0" flakes="0">
  <properties>
[...]
</properties>
  <testcase name="contextLoads" classname="br.com.erudio.StartupTests" time="0.684">
    <system-out><![CDATA[18:15:19.361 [main] INFO org.springframework.test.context.support.AnnotationConfigContextLoaderUtils -- Could not detect default configuration classes for test class [br.com.erudio.StartupTests]: StartupTests does not declare any static, non-private, non-final, nested classes annotated with @Configuration.
18:15:19.476 [main] INFO org.springframework.boot.test.context.SpringBootTestContextBootstrapper -- Found @SpringBootConfiguration br.com.erudio.Startup for test class br.com.erudio.StartupTests
18:15:19.577 [main] INFO org.springframework.test.context.support.AnnotationConfigContextLoaderUtils -- Could not detect default configuration classes for test class [br.com.erudio.StartupTests]: StartupTests does not declare any static, non-private, non-final, nested classes annotated with @Configuration.
18:15:19.579 [main] INFO org.springframework.boot.test.context.SpringBootTestContextBootstrapper -- Found @SpringBootConfiguration br.com.erudio.Startup for test class br.com.erudio.StartupTests
18:15:19.666 [main] INFO org.springframework.boot.devtools.restart.RestartApplicationListener -- Restart disabled due to context in which it is running

  .   ____          _            __ _ _
 /\\ / ___'_ __ _ _(_)_ __  __ _ \ \ \ \
( ( )\___ | '_ | '_| | '_ \/ _` | \ \ \ \
 \\/  ___)| |_)| | | | | || (_| |  ) ) ) )
  '  |____| .__|_| |_|_| |_\__, | / / / /
 =========|_|==============|___/=/_/_/_/

 :: Spring Boot ::                (v4.1.0)

2026-06-25T18:15:20.030-03:00  INFO 4440 --- [           main] br.com.erudio.StartupTests               : Starting StartupTests using Java 21.0.11 with PID 4440 (started by lucca in C:\Users\lucca\OneDrive\Área de Trabalho\rest-with-spring-boot-and-java-erudio\rest-with-spring-boot-and-java-erudio\rest-with-spring-boot-and-java-erudio)
2026-06-25T18:15:20.031-03:00  INFO 4440 --- [           main] br.com.erudio.StartupTests               : No active profile set, falling back to 1 default profile: "default"
2026-06-25T18:15:21.115-03:00  INFO 4440 --- [           main] br.com.erudio.StartupTests               : Started StartupTests in 1.469 seconds (process running for 2.653)
]]></system-out>
    <system-err><![CDATA[Mockito is currently self-attaching to enable the inline-mock-maker. This will no longer work in future releases of the JDK. Please add Mockito as an agent to your build as described in Mockito's documentation: https://javadoc.io/doc/org.mockito/mockito-core/latest/org.mockito/org/mockito/Mockito.html#0.3
WARNING: A Java agent has been loaded dynamically (C:\Users\lucca\.m2\repository\net\bytebuddy\byte-buddy-agent\1.18.10\byte-buddy-agent-1.18.10.jar)
WARNING: If a serviceability tool is in use, please run with -XX:+EnableDynamicAgentLoading to hide this warning
WARNING: If a serviceability tool is not in use, please run with -Djdk.instrument.traceUsage for more information
WARNING: Dynamic loading of agents will be disallowed by default in a future release
]]></system-err>
  </testcase>
</testsuite>